[debug] [2021-07-03T11:01:34.512Z] ----------------------------------------------------------------------
[debug] [2021-07-03T11:01:34.515Z] Command:       /home/ivar/.volta/tools/image/node/14.15.5/bin/node /home/ivar/.volta/tools/image/packages/firebase-tools/bin/firebase init
[debug] [2021-07-03T11:01:34.516Z] CLI Version:   9.14.0
[debug] [2021-07-03T11:01:34.516Z] Platform:      linux
[debug] [2021-07-03T11:01:34.516Z] Node Version:  v14.15.5
[debug] [2021-07-03T11:01:34.516Z] Time:          Sat Jul 03 2021 16:31:34 GMT+0530 (India Standard Time)
[debug] [2021-07-03T11:01:34.516Z] ----------------------------------------------------------------------
[debug] 
[debug] [2021-07-03T11:01:34.523Z] > command requires scopes: ["email","openid","https://www.googleapis.com/auth/cloudplatformprojects.readonly","https://www.googleapis.com/auth/firebase","https://www.googleapis.com/auth/cloud-platform"]
[debug] [2021-07-03T11:01:34.524Z] > authorizing via signed-in user (ivar.venna@gmail.com)
[info] 
     ######## #### ########  ######## ########     ###     ######  ########
     ##        ##  ##     ## ##       ##     ##  ##   ##  ##       ##
     ######    ##  ########  ######   ########  #########  ######  ######
     ##        ##  ##    ##  ##       ##     ## ##     ##       ## ##
     ##       #### ##     ## ######## ########  ##     ##  ######  ########

You're about to initialize a Firebase project in this directory:

  /home/ivar/work/slack-clone

Before we get started, keep in mind:

  * You are initializing within an existing Firebase project directory

[info] 
=== Project Setup
[info] 
[info] First, let's associate this project directory with a Firebase project.
[info] You can create multiple project aliases by running firebase use --add, 
[info] but for now we'll just set up a default project.
[info] 
[info] i  .firebaserc already has a default project, using slack-21408. 
[debug] [2021-07-03T11:01:37.543Z] > refreshing access token with scopes: []
[debug] [2021-07-03T11:01:37.544Z] >>> HTTP REQUEST POST https://www.googleapis.com/oauth2/v3/token  
 <request body omitted>
[debug] [2021-07-03T11:01:38.141Z] <<< HTTP RESPONSE 200 {"pragma":"no-cache","date":"Sat, 03 Jul 2021 11:01:38 GMT","expires":"Mon, 01 Jan 1990 00:00:00 GMT","cache-control":"no-cache, no-store, max-age=0, must-revalidate","content-type":"application/json; charset=utf-8","vary":"X-Origin, Referer, Origin,Accept-Encoding","server":"scaffolding on HTTPServer2","x-xss-protection":"0","x-frame-options":"SAMEORIGIN","x-content-type-options":"nosniff","alt-svc":"h3=\":443\"; ma=2592000,h3-29=\":443\"; ma=2592000,h3-T051=\":443\"; ma=2592000,h3-Q050=\":443\"; ma=2592000,h3-Q046=\":443\"; ma=2592000,h3-Q043=\":443\"; ma=2592000,quic=\":443\"; ma=2592000; v=\"46,43\"","accept-ranges":"none","transfer-encoding":"chunked"}
[debug] [2021-07-03T11:01:38.217Z] >>> [apiv2][query] GET https://firebase.googleapis.com/v1beta1/projects/slack-21408 [none]
[debug] [2021-07-03T11:01:39.172Z] <<< [apiv2][status] GET https://firebase.googleapis.com/v1beta1/projects/slack-21408 200
[debug] [2021-07-03T11:01:39.172Z] <<< [apiv2][body] GET https://firebase.googleapis.com/v1beta1/projects/slack-21408 {"projectId":"slack-21408","projectNumber":"1039502398399","displayName":"Slack","name":"projects/slack-21408","resources":{"hostingSite":"slack-21408","storageBucket":"slack-21408.appspot.com","locationId":"us-central"},"state":"ACTIVE"}
[info] 
=== Hosting Setup
[info] 
[info] Your public directory is the folder (relative to your project directory) that
[info] will contain Hosting assets to be uploaded with firebase deploy. If you
[info] have a build process for your assets, use your build's output directory.
[info] 
[debug] [2021-07-03T11:01:50.604Z] >>> [apiv2][query] GET https://www.gstatic.com/firebasejs/releases.json [none]
[debug] [2021-07-03T11:01:51.658Z] <<< [apiv2][status] GET https://www.gstatic.com/firebasejs/releases.json 200
[debug] [2021-07-03T11:01:51.658Z] <<< [apiv2][body] GET https://www.gstatic.com/firebasejs/releases.json {"current":{"version":"8.7.0","browserURL":"https://www.gstatic.com/firebasejs/8.7.0/firebase.js","packageURL":"https://www.gstatic.com/firebasejs/8.7.0/firebase.tgz"},"live":{"version":"8.7","browserURL":"https://www.gstatic.com/firebasejs/live/8.7/firebase.js","packageURL":"https://www.gstatic.com/firebasejs/live/8.7/firebase.tgz"},"components":{"analytics":"https://www.gstatic.com/firebasejs/8.7.0/firebase-analytics.js","app":"https://www.gstatic.com/firebasejs/8.7.0/firebase-app.js","app-check":"https://www.gstatic.com/firebasejs/8.7.0/firebase-app-check.js","auth":"https://www.gstatic.com/firebasejs/8.7.0/firebase-auth.js","database":"https://www.gstatic.com/firebasejs/8.7.0/firebase-database.js","firestore":"https://www.gstatic.com/firebasejs/8.7.0/firebase-firestore.js","functions":"https://www.gstatic.com/firebasejs/8.7.0/firebase-functions.js","installations":"https://www.gstatic.com/firebasejs/8.7.0/firebase-installations.js","messaging":"https://www.gstatic.com/firebasejs/8.7.0/firebase-messaging.js","storage":"https://www.gstatic.com/firebasejs/8.7.0/firebase-storage.js","performance":"https://www.gstatic.com/firebasejs/8.7.0/firebase-performance.js","remote-config":"https://www.gstatic.com/firebasejs/8.7.0/firebase-remote-config.js","firestore.memory":"https://www.gstatic.com/firebasejs/8.7.0/firebase-firestore.memory.js"}}
[info] ✔  Wrote build/index.html 
[info] 
[info] i  Detected a .git folder at /home/ivar/work/slack-clone 
[info] i  Authorizing with GitHub to upload your service account to a GitHub repository's secrets store. 
[info] 
[info] Visit this URL on this device to log in:
[info] https://github.com/login/oauth/authorize?client_id=89cf50f02ac6aaed3484&state=891941190&redirect_uri=http%3A%2F%2Flocalhost%3A9005&scope=read%3Auser%20repo%20public_repo
[info] 
[info] Waiting for authentication...
[debug] [2021-07-03T11:01:57.739Z] >>> HTTP REQUEST POST https://github.com/login/oauth/access_token  
 {"client_id":"89cf50f02ac6aaed3484","client_secret":"3330d14abc895d9a74d5f17cd7a00711fa2c5bf0","code":"dabbec5d1eb523b5a1d8","redirect_uri":"http://localhost:9005","state":"891941190"}
[debug] [2021-07-03T11:01:58.621Z] <<< HTTP RESPONSE 200 {"server":"GitHub.com","date":"Sat, 03 Jul 2021 11:01:58 GMT","content-type":"application/json; charset=utf-8","transfer-encoding":"chunked","vary":"X-PJAX, Accept-Encoding, Accept, X-Requested-With","permissions-policy":"interest-cohort=()","etag":"W/\"ac810112f6ca5ea045ea9b484d3587e6\"","cache-control":"max-age=0, private, must-revalidate","strict-transport-security":"max-age=31536000; includeSubdomains; preload","x-frame-options":"deny","x-content-type-options":"nosniff","x-xss-protection":"0","referrer-policy":"origin-when-cross-origin, strict-origin-when-cross-origin","expect-ct":"max-age=2592000, report-uri=\"https://api.github.com/_private/browser/errors\"","content-security-policy":"default-src 'none'; base-uri 'self'; block-all-mixed-content; connect-src 'self' uploads.github.com www.githubstatus.com collector.githubapp.com api.github.com github-cloud.s3.amazonaws.com github-production-repository-file-5c1aeb.s3.amazonaws.com github-production-upload-manifest-file-7fdce7.s3.amazonaws.com github-production-user-asset-6210df.s3.amazonaws.com cdn.optimizely.com logx.optimizely.com/v1/events translator.github.com wss://alive.github.com; font-src github.githubassets.com; form-action 'self' github.com gist.github.com; frame-ancestors 'none'; frame-src render.githubusercontent.com render-temp.githubusercontent.com viewscreen.githubusercontent.com; img-src 'self' data: github.githubassets.com identicons.github.com collector.githubapp.com github-cloud.s3.amazonaws.com secured-user-images.githubusercontent.com/ *.githubusercontent.com; manifest-src 'self'; media-src 'none'; script-src github.githubassets.com; style-src 'unsafe-inline' github.githubassets.com; worker-src github.com/socket-worker-3f088aa2.js gist.github.com/socket-worker-3f088aa2.js","x-github-request-id":"95C4:6A89:C2CB44:D12EEA:60E043A6"}
[debug] [2021-07-03T11:01:58.627Z] >>> [apiv2][query] GET https://api.github.com/user [none]
[debug] [2021-07-03T11:01:59.645Z] <<< [apiv2][status] GET https://api.github.com/user 200
[debug] [2021-07-03T11:01:59.645Z] <<< [apiv2][body] GET https://api.github.com/user {"login":"ravikrishnudu","id":52109411,"node_id":"MDQ6VXNlcjUyMTA5NDEx","avatar_url":"https://avatars.githubusercontent.com/u/52109411?v=4","gravatar_id":"","url":"https://api.github.com/users/ravikrishnudu","html_url":"https://github.com/ravikrishnudu","followers_url":"https://api.github.com/users/ravikrishnudu/followers","following_url":"https://api.github.com/users/ravikrishnudu/following{/other_user}","gists_url":"https://api.github.com/users/ravikrishnudu/gists{/gist_id}","starred_url":"https://api.github.com/users/ravikrishnudu/starred{/owner}{/repo}","subscriptions_url":"https://api.github.com/users/ravikrishnudu/subscriptions","organizations_url":"https://api.github.com/users/ravikrishnudu/orgs","repos_url":"https://api.github.com/users/ravikrishnudu/repos","events_url":"https://api.github.com/users/ravikrishnudu/events{/privacy}","received_events_url":"https://api.github.com/users/ravikrishnudu/received_events","type":"User","site_admin":false,"name":"ravikrishnudu","company":null,"blog":"","location":"Hyderabad","email":null,"hireable":null,"bio":null,"twitter_username":"Ravikrishnudu","public_repos":29,"public_gists":1,"followers":0,"following":3,"created_at":"2019-06-22T17:00:03Z","updated_at":"2021-06-28T17:43:04Z","private_gists":0,"total_private_repos":0,"owned_private_repos":0,"disk_usage":142269,"collaborators":0,"two_factor_authentication":false,"plan":{"name":"free","space":976562499,"collaborators":0,"private_repos":10000}}
[info] 
[info] ✔  Success! Logged into GitHub as ravikrishnudu 
[info] 
